<?xml version="1.0" encoding="UTF-8"?>
<!-- Generated by org.testng.reporters.JUnitXMLReporter -->
<testsuite hostname="DESKTOP-DB5NH1R" ignored="2" name="Test" tests="2" failures="1" timestamp="06 Sep 2021 06:01:32 GMT" time="19.21" errors="0">
  <testcase name="browerlaunch" time="19.018" classname="com.sample.example.TestNGParellel"/>
  <testcase name="browerlaunch2" time="0.0" classname="com.sample.example.TestNGParellel">
    <failure type="org.testng.TestNGException" message="
Cannot inject @Test annotated Method [browerlaunch2] with [class java.lang.String, class java.lang.String].
For more information on native dependency injection please refer to http://testng.org/doc/documentation-main.html#native-dependency-injection">
      <![CDATA[org.testng.TestNGException: 
Cannot inject @Test annotated Method [browerlaunch2] with [class java.lang.String, class java.lang.String].
For more information on native dependency injection please refer to http://testng.org/doc/documentation-main.html#native-dependency-injection
	at java.util.concurrent.ThreadPoolExecutor.runWorker(Unknown Source)
	at java.util.concurrent.ThreadPoolExecutor$Worker.run(Unknown Source)
	at java.lang.Thread.run(Unknown Source)
... Removed 9 stack frames]]>
    </failure>
  </testcase> <!-- browerlaunch2 -->
  <testcase name="testparameter" time="0.0" classname="com.sample.example.TestNGParametersClass">
    <ignored/>
  </testcase> <!-- testparameter -->
  <testcase name="browerlaunch3" time="0.0" classname="com.sample.example.TestNGParellel">
    <ignored/>
  </testcase> <!-- browerlaunch3 -->
</testsuite> <!-- Test -->
